=== run_81 start: 2026-05-01T18:59:58Z ===
--- ARM COMPARISON (54 trials) ---
trial=ed55906a-09fc-4a56-aafa-1f99b3c93e0c task=T1 arm=arm_a run=1 parses=True functional_pass=True frags=8 in_tok=4891 out_tok=158
trial=97ba1647-bcb3-48e7-bacb-6d3be30a9526 task=T1 arm=arm_a run=2 parses=True functional_pass=True frags=8 in_tok=4891 out_tok=158
trial=bc68a744-f2f8-403b-becb-4c49873824e6 task=T1 arm=arm_a run=3 parses=True functional_pass=True frags=8 in_tok=4891 out_tok=158
trial=5d9ac3a7-5171-40da-857e-b961e717f98f task=T1 arm=arm_b run=1 parses=True functional_pass=True frags=6 in_tok=4079 out_tok=228
trial=3571f264-86c8-4303-aa03-b89c532c26a7 task=T1 arm=arm_b run=2 parses=True functional_pass=True frags=6 in_tok=4079 out_tok=228
trial=11e0dc83-8aae-4bd0-8c8c-63b8379bb7d2 task=T1 arm=arm_b run=3 parses=True functional_pass=True frags=6 in_tok=4079 out_tok=228
trial=a801a292-c85d-4e3a-b559-b2b7fb53d0da task=T1 arm=arm_c run=1 parses=True functional_pass=True frags=4 in_tok=2775 out_tok=221
trial=7a396af0-3a91-4554-9da3-8fcffd433268 task=T1 arm=arm_c run=2 parses=True functional_pass=True frags=4 in_tok=2775 out_tok=221
trial=46bd10ca-ed92-4382-bfa9-59e35d428b0a task=T1 arm=arm_c run=3 parses=True functional_pass=True frags=4 in_tok=2775 out_tok=221
trial=44e5348a-2487-4f62-a7e2-d1ba90a72d72 task=T2 arm=arm_a run=1 parses=True functional_pass=None frags=8 in_tok=5213 out_tok=302
trial=fdfbbd42-7553-45b0-977c-aaf68f8f7393 task=T2 arm=arm_a run=2 parses=True functional_pass=None frags=8 in_tok=5213 out_tok=302
trial=c136f6bb-cf3a-44c1-9412-e7ea97bdeba1 task=T2 arm=arm_a run=3 parses=True functional_pass=None frags=8 in_tok=5213 out_tok=302
trial=ea5fccc6-c831-4e61-9333-88bb0c67a9d3 task=T2 arm=arm_b run=1 parses=True functional_pass=None frags=6 in_tok=4401 out_tok=437
trial=7d64b4f2-e534-45c1-99b5-8af55bf5f474 task=T2 arm=arm_b run=2 parses=True functional_pass=None frags=6 in_tok=4401 out_tok=437
trial=2b6891fe-29b3-4a64-98ed-fd3e20ff764a task=T2 arm=arm_b run=3 parses=True functional_pass=None frags=6 in_tok=4401 out_tok=437
trial=46a5f864-3111-4b4e-9c0c-88ca9daf9442 task=T2 arm=arm_c run=1 parses=True functional_pass=None frags=4 in_tok=3097 out_tok=431
trial=1efbb4cf-6196-47af-8dc3-e86253ba5a71 task=T2 arm=arm_c run=2 parses=True functional_pass=None frags=4 in_tok=3097 out_tok=424
trial=b34a0dad-994d-45b8-af35-c93fc28d53ef task=T2 arm=arm_c run=3 parses=True functional_pass=None frags=4 in_tok=3097 out_tok=464
trial=9656c3ec-80b6-4203-9677-a622d406488e task=T3a arm=arm_a run=1 parses=True functional_pass=False frags=16 in_tok=8809 out_tok=235
trial=5bceb13a-3c14-462a-a72e-14dc124c7f1c task=T3a arm=arm_a run=2 parses=True functional_pass=False frags=16 in_tok=8809 out_tok=235
=== MILESTONE: 20 / 81 trials complete (parse_fails=0) ===
trial=08974993-a795-4975-9e75-8c067624eb4e task=T3a arm=arm_a run=3 parses=True functional_pass=False frags=16 in_tok=8809 out_tok=235
trial=cc2253b7-4f1d-4803-acb3-beecbcc96a83 task=T3a arm=arm_b run=1 parses=True functional_pass=False frags=12 in_tok=7165 out_tok=227
trial=fdcf9d21-59ab-4d67-92ff-9b5f93dfc2d8 task=T3a arm=arm_b run=2 parses=True functional_pass=False frags=12 in_tok=7165 out_tok=222
trial=0ad5dd6a-46a3-4bb3-96c1-1d317c588c65 task=T3a arm=arm_b run=3 parses=True functional_pass=False frags=12 in_tok=7165 out_tok=222
trial=8645abe8-e6eb-49e2-af2f-01c309cc8619 task=T3a arm=arm_c run=1 parses=True functional_pass=False frags=8 in_tok=4626 out_tok=226
trial=0560c4a6-fcfd-40ab-8d0e-97ff270f8cc5 task=T3a arm=arm_c run=2 parses=True functional_pass=False frags=8 in_tok=4626 out_tok=226
trial=8fb394a4-9513-4cb4-847e-b0195302dd7d task=T3a arm=arm_c run=3 parses=True functional_pass=False frags=8 in_tok=4626 out_tok=226
trial=4941d5ad-4a92-422c-a883-ac941a4e98c4 task=T3b arm=arm_a run=1 parses=True functional_pass=False frags=24 in_tok=12517 out_tok=621
trial=f5625207-6f61-4f36-babf-b862f00fcbb9 task=T3b arm=arm_a run=2 parses=True functional_pass=False frags=24 in_tok=12517 out_tok=499
trial=636d368f-12dc-40b6-bc7f-3275f7290b3c task=T3b arm=arm_a run=3 parses=True functional_pass=False frags=24 in_tok=12517 out_tok=499
trial=d5a8fc9e-d1a5-40a4-96fe-fb2be87632a2 task=T3b arm=arm_b run=1 parses=True functional_pass=False frags=18 in_tok=10031 out_tok=527
trial=f948aa97-9f7d-4ea3-ba9e-ee307ee912c8 task=T3b arm=arm_b run=2 parses=True functional_pass=False frags=18 in_tok=10031 out_tok=527
trial=6ce5b42f-4930-4d4f-827c-467c846dcf26 task=T3b arm=arm_b run=3 parses=True functional_pass=False frags=18 in_tok=10031 out_tok=527
trial=a0637198-1f44-43b6-b85d-f3b517439765 task=T3b arm=arm_c run=1 parses=True functional_pass=False frags=12 in_tok=6254 out_tok=527
trial=cbb71fb8-2f6c-4475-8871-bd8bd2fad755 task=T3b arm=arm_c run=2 parses=True functional_pass=False frags=12 in_tok=6254 out_tok=527
trial=0463b68c-ac3e-4f8f-baf4-88a19e45752c task=T3b arm=arm_c run=3 parses=True functional_pass=False frags=12 in_tok=6254 out_tok=527
trial=517da856-c895-4354-8f76-c228fd82dce2 task=T4 arm=arm_a run=1 parses=True functional_pass=True frags=8 in_tok=4910 out_tok=419
trial=c5358b7d-a7fa-47aa-8b71-53dfead72f92 task=T4 arm=arm_a run=2 parses=True functional_pass=True frags=8 in_tok=4910 out_tok=361
trial=8eb268ed-d3f9-48ef-9940-0bbf95d45da5 task=T4 arm=arm_a run=3 parses=True functional_pass=True frags=8 in_tok=4910 out_tok=357
trial=d0459cf8-a4ce-4ac3-a5d0-5a0780b87a48 task=T4 arm=arm_b run=1 parses=True functional_pass=False frags=6 in_tok=4098 out_tok=291
=== MILESTONE: 40 / 81 trials complete (parse_fails=0) ===
trial=99fd5da3-f688-4eb9-a2e6-ed5799696b94 task=T4 arm=arm_b run=2 parses=True functional_pass=False frags=6 in_tok=4098 out_tok=278
trial=68911c34-453e-449b-b2bc-21ef30f7abf1 task=T4 arm=arm_b run=3 parses=True functional_pass=False frags=6 in_tok=4098 out_tok=278
trial=13ce8a7a-8255-42a6-b301-c826f167a02d task=T4 arm=arm_c run=1 parses=True functional_pass=False frags=4 in_tok=2794 out_tok=274
trial=009ff9ae-bd61-4961-861f-e2e9f5865b55 task=T4 arm=arm_c run=2 parses=True functional_pass=False frags=4 in_tok=2794 out_tok=274
trial=3d440972-d346-4edd-b8bc-0c92d8a6db4d task=T4 arm=arm_c run=3 parses=True functional_pass=False frags=4 in_tok=2794 out_tok=274
trial=2875ee2d-1e97-4e4e-a0fc-2cdb29cce1c2 task=T5 arm=arm_a run=1 parses=True functional_pass=True frags=0 in_tok=995 out_tok=20
trial=b767761f-2b16-4338-8a61-9e67f476669d task=T5 arm=arm_a run=2 parses=True functional_pass=True frags=0 in_tok=995 out_tok=20
trial=fe76477e-aa74-4b12-bd44-84052bd2a490 task=T5 arm=arm_a run=3 parses=True functional_pass=True frags=0 in_tok=995 out_tok=20
trial=6a08d2f1-1ee3-47a8-94cf-7112f7a34ec9 task=T5 arm=arm_b run=1 parses=True functional_pass=True frags=0 in_tok=995 out_tok=20
trial=c32c1d84-f229-4f12-96b3-f8a15a875f05 task=T5 arm=arm_b run=2 parses=True functional_pass=True frags=0 in_tok=995 out_tok=20
trial=48d2a645-9608-4508-abf3-2bc4fb0761eb task=T5 arm=arm_b run=3 parses=True functional_pass=True frags=0 in_tok=995 out_tok=20
trial=e303ff82-f6c4-4fbe-beed-354970a0ac49 task=T5 arm=arm_c run=1 parses=True functional_pass=True frags=0 in_tok=995 out_tok=20
trial=589659de-ee97-44e1-a854-5bf214fca6d2 task=T5 arm=arm_c run=2 parses=True functional_pass=True frags=0 in_tok=995 out_tok=20
trial=6d3d5940-7683-4954-9934-068cb1efb89a task=T5 arm=arm_c run=3 parses=True functional_pass=True frags=0 in_tok=995 out_tok=20
--- BASELINE (12 trials) ---
trial=db58e966-a249-41c7-84dc-54a395c6541c task=T1 arm=baseline run=1 parses=True functional_pass=False frags=0 in_tok=1185 out_tok=32
trial=0fb1b2ff-72ad-4f2a-b089-601d94a0bb06 task=T1 arm=baseline run=2 parses=True functional_pass=False frags=0 in_tok=1185 out_tok=32
trial=ab0b4323-12f2-4e41-8fb9-6dcdf80d8a89 task=T1 arm=baseline run=3 parses=True functional_pass=False frags=0 in_tok=1185 out_tok=32
trial=09af0864-79d2-4afc-9dcc-bebc288b1df3 task=T2 arm=baseline run=1 parses=True functional_pass=None frags=0 in_tok=1507 out_tok=25
trial=66961e2f-c601-470a-bb95-e308781e16ed task=T2 arm=baseline run=2 parses=True functional_pass=None frags=0 in_tok=1507 out_tok=25
trial=5196c1f4-09f4-42e3-8d1d-de8c4939c39e task=T2 arm=baseline run=3 parses=True functional_pass=None frags=0 in_tok=1507 out_tok=25
=== MILESTONE: 60 / 81 trials complete (parse_fails=0) ===
trial=8eef02b4-c7d4-4f20-a2ef-bf0198206c61 task=T3a arm=baseline run=1 parses=True functional_pass=False frags=0 in_tok=1466 out_tok=147
trial=f8a6ea50-5b29-407f-b7b8-aa9c1fe23136 task=T3a arm=baseline run=2 parses=True functional_pass=False frags=0 in_tok=1466 out_tok=147
trial=a31b418f-a97c-4448-aeea-a74f18b2808e task=T3a arm=baseline run=3 parses=True functional_pass=False frags=0 in_tok=1466 out_tok=147
trial=9efd295d-ad5b-4a00-b902-b38f9c2cb1df task=T3b arm=baseline run=1 parses=True functional_pass=False frags=0 in_tok=1505 out_tok=21
trial=00b69e4f-fdb7-4424-8b59-1a82013da6a7 task=T3b arm=baseline run=2 parses=True functional_pass=False frags=0 in_tok=1505 out_tok=21
trial=c05cb763-3725-4617-8132-94f120311672 task=T3b arm=baseline run=3 parses=True functional_pass=False frags=0 in_tok=1505 out_tok=21
--- ROBUSTNESS (15 trials) ---
trial=fc1a38b6-a7f0-4798-8aaf-2752fcc87bf0 task=T1 arm=arm_b run=1 parses=True functional_pass=True frags=6 in_tok=4079 out_tok=343
trial=7769d675-c202-48a4-94a3-6452a23e1694 task=T1 arm=arm_b run=2 parses=True functional_pass=True frags=6 in_tok=4079 out_tok=331
trial=49c2acbe-c214-417f-9689-bb4845fead3f task=T1 arm=arm_b run=3 parses=True functional_pass=True frags=6 in_tok=4079 out_tok=275
trial=1e28fb5c-e2b2-49d6-aec8-232dce152b0f task=T1 arm=arm_b run=4 parses=True functional_pass=True frags=6 in_tok=4079 out_tok=273
trial=d76d42bb-25ba-4339-86c6-cd6e1f52d856 task=T1 arm=arm_b run=5 parses=True functional_pass=True frags=6 in_tok=4079 out_tok=329
trial=9cac8b02-b023-4bdb-ba23-2ff606a645bb task=T3a arm=arm_b run=1 parses=True functional_pass=False frags=12 in_tok=7165 out_tok=289
trial=06cc60a7-1132-4773-90b1-0baaee6f903d task=T3a arm=arm_b run=2 parses=True functional_pass=False frags=12 in_tok=7165 out_tok=301
trial=773ec3d6-c352-4087-8a99-18767507b6e6 task=T3a arm=arm_b run=3 parses=True functional_pass=False frags=12 in_tok=7165 out_tok=286
trial=b19433b7-381b-42ee-b7e8-432f9b9c03c6 task=T3a arm=arm_b run=4 parses=True functional_pass=False frags=12 in_tok=7165 out_tok=305
trial=7e5b5ad9-c864-4d37-a553-0edff6d99dd5 task=T3a arm=arm_b run=5 parses=True functional_pass=False frags=12 in_tok=7165 out_tok=239
trial=1821df6d-5a7e-4e91-bb5d-0be6876be62e task=T3b arm=arm_b run=1 parses=True functional_pass=False frags=18 in_tok=10031 out_tok=519
trial=c4f8eb15-c9eb-4b66-85ce-455298ef0e25 task=T3b arm=arm_b run=2 parses=True functional_pass=False frags=18 in_tok=10031 out_tok=519
trial=85a6ee17-1e03-4828-8267-db47d75effb3 task=T3b arm=arm_b run=3 parses=True functional_pass=False frags=18 in_tok=10031 out_tok=527
trial=afb62c80-057b-4c64-9087-5ab225c4c025 task=T3b arm=arm_b run=4 parses=True functional_pass=False frags=18 in_tok=10031 out_tok=527
=== MILESTONE: 80 / 81 trials complete (parse_fails=0) ===
trial=9b5b0bf6-ff5b-40b1-a073-b54deb9ef8ff task=T3b arm=arm_b run=5 parses=True functional_pass=False frags=18 in_tok=10031 out_tok=523
=== run_81 complete: 2026-05-01T19:23:55Z parse_fails=0 / 81 ===
